<?xml version="1.0" encoding="UTF-8"?>
<testsuite xmlns:xsi="http://www.w3.org/2001/XMLSchema-instance" xsi:noNamespaceSchemaLocation="https://maven.apache.org/surefire/maven-failsafe-plugin/xsd/failsafe-test-report-3.0.xsd" version="3.0" name="CucumberTestSuite" time="20.303" tests="12" errors="0" skipped="0" failures="0">
  <properties>
[...]
</properties>
  <testcase name="User want to search product by Category (Category1)" classname="Category" time="1.432">
    <system-out><![CDATA[15:11:52.658 [main] INFO io.cucumber.core.plugin.SerenityReporter - Running feature from file:///C:/Users/RICO/IdeaProjects/mini-project-alta/src/test/resources/features/category.feature
15:11:52.869 [main] INFO  - 

-------------------------------------------------------------------------------------
     _______. _______ .______       _______ .__   __.  __  .___________.____    ____ 
    /       ||   ____||   _  \     |   ____||  \ |  | |  | |           |\   \  /   / 
   |   (----`|  |__   |  |_)  |    |  |__   |   \|  | |  | `---|  |----` \   \/   /  
    \   \    |   __|  |      /     |   __|  |  . `  | |  |     |  |       \_    _/   
.----)   |   |  |____ |  |\  \----.|  |____ |  |\   | |  |     |  |         |  |     
|_______/    |_______|| _| `._____||_______||__| \__| |__|     |__|         |__|    
                                                                                     
 News and tutorials at http://www.serenity-bdd.info                                  
 Documentation at https://wakaleo.gitbooks.io/the-serenity-book/content/             
 Join the Serenity Community on Gitter: https://gitter.im/serenity-bdd/serenity-core 
 Serenity BDD Support and Training at http://serenity-bdd.info/#/trainingandsupport  
-------------------------------------------------------------------------------------

15:11:52.872 [main] DEBUG net.thucydides.core.steps.StepEventBus - Test suite started for story net.thucydides.core.model.Story@bda4cc8
15:11:52.878 [main] INFO  - Test Suite Started: Category
15:11:52.896 [main] INFO io.cucumber.core.plugin.SerenityReporter - Running feature from file:///C:/Users/RICO/IdeaProjects/mini-project-alta/src/test/resources/features/login.feature
15:11:52.906 [main] DEBUG net.thucydides.core.steps.StepEventBus - Test suite started for story net.thucydides.core.model.Story@f388ff28
15:11:52.906 [main] INFO  - Test Suite Started: Login
15:11:52.906 [main] INFO io.cucumber.core.plugin.SerenityReporter - Running feature from file:///C:/Users/RICO/IdeaProjects/mini-project-alta/src/test/resources/features/order.feature
15:11:52.906 [main] DEBUG net.thucydides.core.steps.StepEventBus - Test suite started for story net.thucydides.core.model.Story@9cac46c8
15:11:52.906 [main] INFO  - Test Suite Started: Order
15:11:52.906 [main] INFO io.cucumber.core.plugin.SerenityReporter - Running feature from file:///C:/Users/RICO/IdeaProjects/mini-project-alta/src/test/resources/features/product.feature
15:11:52.906 [main] DEBUG net.thucydides.core.steps.StepEventBus - Test suite started for story net.thucydides.core.model.Story@3929c9e8
15:11:52.922 [main] INFO  - Test Suite Started: Product
15:11:52.922 [main] INFO io.cucumber.core.plugin.SerenityReporter - Running feature from file:///C:/Users/RICO/IdeaProjects/mini-project-alta/src/test/resources/features/register.feature
15:11:52.922 [main] DEBUG net.thucydides.core.steps.StepEventBus - Test suite started for story net.thucydides.core.model.Story@63230c68
15:11:52.922 [main] INFO  - Test Suite Started: Register
15:11:52.922 [main] INFO io.cucumber.core.plugin.SerenityReporter - Running feature from file:///C:/Users/RICO/IdeaProjects/mini-project-alta/src/test/resources/features/category.feature
15:11:52.922 [main] DEBUG net.thucydides.core.steps.StepEventBus - Test suite started for story net.thucydides.core.model.Story@bda4cc8
15:11:52.922 [main] INFO  - Test Suite Started: Category

Scenario: User want to search product by Category (Category1) &amp#27;[90m# src/test/resources/features/category.feature:3&amp#27;[0m
15:11:53.082 [main] INFO io.cucumber.core.plugin.SerenityReporter - Running feature from file:///C:/Users/RICO/IdeaProjects/mini-project-alta/src/test/resources/features/category.feature
15:11:53.223 [main] INFO  - 
  _____   ___   ___   _____     ___   _____     _     ___   _____   ___   ___  
 |_   _| | __| / __| |_   _|   / __| |_   _|   /_\   | _ \ |_   _| | __| |   \ 
   | |   | _|  \__ \   | |     \__ \   | |    / _ \  |   /   | |   | _|  | |) |
   |_|   |___| |___/   |_|     |___/   |_|   /_/ \_\ |_|_\   |_|   |___| |___/ 

User want to search product by Category (Category1)(category;user-want-to-search-product-by-category-(category1))
--------------------------------------------------------------------------------
15:11:54.246 [main] DEBUG net.thucydides.core.steps.StepInterceptor - STARTING STEP: CategoryStep.onLandingPage1 - onPageHomeee
15:11:54.281 [main] DEBUG net.thucydides.core.steps.StepInterceptor - STEP DONE: onPageHomeee
  &amp#27;[32mGiven &amp#27;[0m&amp#27;[32mI am on landing Page&amp#27;[0m                                  &amp#27;[90m# starter.stepdefinition.CategoryStep.onLandingPage1()&amp#27;[0m
15:11:54.300 [main] DEBUG net.thucydides.core.steps.StepInterceptor - STARTING STEP: CategoryStep.clickButtonSelectCategory - clickMenuCategory
15:11:54.316 [main] DEBUG net.thucydides.core.steps.StepInterceptor - STEP DONE: clickMenuCategory
  &amp#27;[32mWhen &amp#27;[0m&amp#27;[32mI click button "Select category..."&amp#27;[0m                    &amp#27;[90m# starter.stepdefinition.CategoryStep.clickButtonSelectCategory()&amp#27;[0m
15:11:54.327 [main] DEBUG net.thucydides.core.steps.StepInterceptor - STARTING STEP: CategoryStep.clickCategoryKesehatan - clickCategoryKesehatan
15:11:54.337 [main] DEBUG net.thucydides.core.steps.StepInterceptor - STEP DONE: clickCategoryKesehatan
  &amp#27;[32mAnd &amp#27;[0m&amp#27;[32mI click category "Kesehatan"&amp#27;[0m                            &amp#27;[90m# starter.stepdefinition.CategoryStep.clickCategoryKesehatan()&amp#27;[0m
15:11:54.346 [main] DEBUG net.thucydides.core.steps.StepInterceptor - STARTING STEP: CategoryStep.ShowAlertProductEmpty - showAlertEmpty
15:11:54.350 [main] DEBUG net.thucydides.core.steps.StepInterceptor - STEP DONE: showAlertEmpty
  &amp#27;[32mThen &amp#27;[0m&amp#27;[32mShow alert "Product is empty!"&amp#27;[0m                         &amp#27;[90m# starter.stepdefinition.CategoryStep.ShowAlertProductEmpty()&amp#27;[0m
15:11:54.358 [main] INFO  - 
  _____   ___   ___   _____     ___     _     ___   ___   ___   ___  
 |_   _| | __| / __| |_   _|   | _ \   /_\   / __| / __| | __| |   \ 
   | |   | _|  \__ \   | |     |  _/  / _ \  \__ \ \__ \ | _|  | |) |
   |_|   |___| |___/   |_|     |_|   /_/ \_\ |___/ |___/ |___| |___/ 

User want to search product by Category (Category1)
----------------------------------------------------------------------
]]></system-out>
  </testcase>
  <testcase name="User want to search product by Category (Category2)" classname="Category" time="0.136">
    <system-out><![CDATA[
Scenario: User want to search product by Category (Category2) &amp#27;[90m# src/test/resources/features/category.feature:9&amp#27;[0m
15:11:54.400 [main] INFO io.cucumber.core.plugin.SerenityReporter - Running feature from file:///C:/Users/RICO/IdeaProjects/mini-project-alta/src/test/resources/features/category.feature
15:11:54.400 [main] INFO  - 
  _____   ___   ___   _____     ___   _____     _     ___   _____   ___   ___  
 |_   _| | __| / __| |_   _|   / __| |_   _|   /_\   | _ \ |_   _| | __| |   \ 
   | |   | _|  \__ \   | |     \__ \   | |    / _ \  |   /   | |   | _|  | |) |
   |_|   |___| |___/   |_|     |___/   |_|   /_/ \_\ |_|_\   |_|   |___| |___/ 

User want to search product by Category (Category2)(category;user-want-to-search-product-by-category-(category2))
--------------------------------------------------------------------------------
15:11:54.445 [main] DEBUG net.thucydides.core.steps.StepInterceptor - STARTING STEP: CategoryStep.onLandingPagee - onPageHomee
15:11:54.451 [main] DEBUG net.thucydides.core.steps.StepInterceptor - STEP DONE: onPageHomee
  &amp#27;[32mGiven &amp#27;[0m&amp#27;[32mI am on landing Pagee&amp#27;[0m                                 &amp#27;[90m# starter.stepdefinition.CategoryStep.onLandingPagee()&amp#27;[0m
15:11:54.462 [main] DEBUG net.thucydides.core.steps.StepInterceptor - STARTING STEP: CategoryStep.clickButtonPilihCategory - clickMenuCategory
15:11:54.471 [main] DEBUG net.thucydides.core.steps.StepInterceptor - STEP DONE: clickMenuCategory
  &amp#27;[32mWhen &amp#27;[0m&amp#27;[32mI click button "Select category.."&amp#27;[0m                     &amp#27;[90m# starter.stepdefinition.CategoryStep.clickButtonPilihCategory()&amp#27;[0m
15:11:54.482 [main] DEBUG net.thucydides.core.steps.StepInterceptor - STARTING STEP: CategoryStep.clickCategoryAlat - clickCategoryAlat
15:11:54.493 [main] DEBUG net.thucydides.core.steps.StepInterceptor - STEP DONE: clickCategoryAlat
  &amp#27;[32mAnd &amp#27;[0m&amp#27;[32mI click category "Alat"&amp#27;[0m                                 &amp#27;[90m# starter.stepdefinition.CategoryStep.clickCategoryAlat()&amp#27;[0m
15:11:54.502 [main] DEBUG net.thucydides.core.steps.StepInterceptor - STARTING STEP: CategoryStep.showAlertCanNotGetProducts - showAlertCantGetProduct
15:11:54.504 [main] DEBUG net.thucydides.core.steps.StepInterceptor - STEP DONE: showAlertCantGetProduct
  &amp#27;[32mThen &amp#27;[0m&amp#27;[32mShow alert "Can not get products!"&amp#27;[0m                     &amp#27;[90m# starter.stepdefinition.CategoryStep.showAlertCanNotGetProducts()&amp#27;[0m
15:11:54.508 [main] INFO  - 
  _____   ___   ___   _____     ___     _     ___   ___   ___   ___  
 |_   _| | __| / __| |_   _|   | _ \   /_\   / __| / __| | __| |   \ 
   | |   | _|  \__ \   | |     |  _/  / _ \  \__ \ \__ \ | _|  | |) |
   |_|   |___| |___/   |_|     |_|   /_/ \_\ |___/ |___/ |___| |___/ 

User want to search product by Category (Category2)
----------------------------------------------------------------------
]]></system-out>
  </testcase>
  <testcase name="Verify if a user can login with a valid email and password. (Login4)" classname="Login" time="0.357">
    <system-out><![CDATA[15:11:54.512 [main] INFO io.cucumber.core.plugin.SerenityReporter - Running feature from file:///C:/Users/RICO/IdeaProjects/mini-project-alta/src/test/resources/features/login.feature
15:11:54.521 [main] DEBUG net.thucydides.core.steps.StepEventBus - Test suite started for story net.thucydides.core.model.Story@f388ff28
15:11:54.522 [main] INFO  - Test Suite Started: Login

Scenario: Verify if a user can login with a valid email and password. (Login4) &amp#27;[90m# src/test/resources/features/login.feature:3&amp#27;[0m
15:11:54.561 [main] INFO io.cucumber.core.plugin.SerenityReporter - Running feature from file:///C:/Users/RICO/IdeaProjects/mini-project-alta/src/test/resources/features/login.feature
15:11:54.566 [main] INFO  - 
  _____   ___   ___   _____     ___   _____     _     ___   _____   ___   ___  
 |_   _| | __| / __| |_   _|   / __| |_   _|   /_\   | _ \ |_   _| | __| |   \ 
   | |   | _|  \__ \   | |     \__ \   | |    / _ \  |   /   | |   | _|  | |) |
   |_|   |___| |___/   |_|     |___/   |_|   /_/ \_\ |_|_\   |_|   |___| |___/ 

Verify if a user can login with a valid email and password. (Login4)(login;verify-if-a-user-can-login-with-a-valid-email-and-password.-(login4))
--------------------------------------------------------------------------------
15:11:54.761 [main] DEBUG net.thucydides.core.steps.StepInterceptor - STARTING STEP: LoginStep.onLandingPage - onPageHomee
15:11:54.765 [main] DEBUG net.thucydides.core.steps.StepInterceptor - STEP DONE: onPageHomee
  &amp#27;[32mGiven &amp#27;[0m&amp#27;[32mI am on Landing Page&amp#27;[0m                                                   &amp#27;[90m# starter.stepdefinition.LoginStep.onLandingPage()&amp#27;[0m
15:11:54.775 [main] DEBUG net.thucydides.core.steps.StepInterceptor - STARTING STEP: LoginStep.clickButtonSignin - openSigninPage
15:11:54.786 [main] DEBUG net.thucydides.core.steps.StepInterceptor - STEP DONE: openSigninPage
  &amp#27;[32mWhen &amp#27;[0m&amp#27;[32mI click button sign-in&amp#27;[0m                                                  &amp#27;[90m# starter.stepdefinition.LoginStep.clickButtonSignin()&amp#27;[0m
15:11:54.796 [main] DEBUG net.thucydides.core.steps.StepInterceptor - STARTING STEP: LoginStep.onLoginPage - validateOnLoginPage
15:11:54.801 [main] DEBUG net.thucydides.core.steps.StepInterceptor - STEP DONE: validateOnLoginPage
  &amp#27;[32mAnd &amp#27;[0m&amp#27;[32mI am on login page&amp#27;[0m                                                       &amp#27;[90m# starter.stepdefinition.LoginStep.onLoginPage()&amp#27;[0m
15:11:54.810 [main] DEBUG net.thucydides.core.steps.StepInterceptor - STARTING STEP: LoginStep.iInputUsernameAndPassword - inputEmail
15:11:54.817 [main] DEBUG net.thucydides.core.steps.StepInterceptor - STEP DONE: inputEmail
15:11:54.820 [main] DEBUG net.thucydides.core.steps.StepInterceptor - STARTING STEP: LoginStep.iInputUsernameAndPassword - inputPassword
15:11:54.838 [main] DEBUG net.thucydides.core.steps.StepInterceptor - STEP DONE: inputPassword
  &amp#27;[32mAnd &amp#27;[0m&amp#27;[32mI input email &amp#27;[0m&amp#27;[32m&amp#27;[1m"<email>"&amp#27;[0m&amp#27;[32m and password &amp#27;[0m&amp#27;[32m&amp#27;[1m"<password>"&amp#27;[0m                        &amp#27;[90m# starter.stepdefinition.LoginStep.iInputUsernameAndPassword(java.lang.String,java.lang.String)&amp#27;[0m
15:11:54.847 [main] DEBUG net.thucydides.core.steps.StepInterceptor - STARTING STEP: LoginStep.clickLoginButton - clickLoginButton
15:11:54.857 [main] DEBUG net.thucydides.core.steps.StepInterceptor - STEP DONE: clickLoginButton
  &amp#27;[32mAnd &amp#27;[0m&amp#27;[32mI click login button&amp#27;[0m                                                     &amp#27;[90m# starter.stepdefinition.LoginStep.clickLoginButton()&amp#27;[0m
15:11:54.868 [main] DEBUG net.thucydides.core.steps.StepInterceptor - STARTING STEP: LoginStep.onHomePage - onPageHomee
15:11:54.874 [main] DEBUG net.thucydides.core.steps.StepInterceptor - STEP DONE: onPageHomee
  &amp#27;[32mThen &amp#27;[0m&amp#27;[32mI am on home page&amp#27;[0m                                                       &amp#27;[90m# starter.stepdefinition.LoginStep.onHomePage()&amp#27;[0m
15:11:54.879 [main] INFO  - 
  _____   ___   ___   _____     ___     _     ___   ___   ___   ___  
 |_   _| | __| / __| |_   _|   | _ \   /_\   / __| / __| | __| |   \ 
   | |   | _|  \__ \   | |     |  _/  / _ \  \__ \ \__ \ | _|  | |) |
   |_|   |___| |___/   |_|     |_|   /_/ \_\ |___/ |___/ |___| |___/ 

Verify if a user can login with a valid email and password. (Login4)
----------------------------------------------------------------------
]]></system-out>
  </testcase>
  <testcase name="Verify if a user can&apos;t login with an invalid email and password. (Login3)" classname="Login" time="0.237">
    <system-out><![CDATA[
Scenario Outline: Verify if a user can't login with an invalid email and password. (Login3) &amp#27;[90m# src/test/resources/features/login.feature:20&amp#27;[0m
15:11:54.921 [main] INFO io.cucumber.core.plugin.SerenityReporter - Running feature from file:///C:/Users/RICO/IdeaProjects/mini-project-alta/src/test/resources/features/login.feature
15:11:54.937 [main] INFO  - 
  _____   ___   ___   _____     ___   _____     _     ___   _____   ___   ___  
 |_   _| | __| / __| |_   _|   / __| |_   _|   /_\   | _ \ |_   _| | __| |   \ 
   | |   | _|  \__ \   | |     \__ \   | |    / _ \  |   /   | |   | _|  | |) |
   |_|   |___| |___/   |_|     |___/   |_|   /_/ \_\ |_|_\   |_|   |___| |___/ 

Verify if a user can't login with an invalid email and password. (Login3)(login;verify-if-a-user-can-t-login-with-an-invalid-email-and-password.-(login3))
--------------------------------------------------------------------------------
15:11:55.002 [main] DEBUG net.thucydides.core.steps.StepInterceptor - STARTING STEP: LoginStep.onLandingPage3 - onPageHomee
15:11:55.006 [main] DEBUG net.thucydides.core.steps.StepInterceptor - STEP DONE: onPageHomee
  &amp#27;[32mGiven &amp#27;[0m&amp#27;[32mI am on LandingPage&amp#27;[0m                                                                 &amp#27;[90m# starter.stepdefinition.LoginStep.onLandingPage3()&amp#27;[0m
15:11:55.015 [main] DEBUG net.thucydides.core.steps.StepInterceptor - STARTING STEP: LoginStep.clickButtonSignin3 - openSigninPage
15:11:55.023 [main] DEBUG net.thucydides.core.steps.StepInterceptor - STEP DONE: openSigninPage
  &amp#27;[32mWhen &amp#27;[0m&amp#27;[32mI click button Sign In&amp#27;[0m                                                               &amp#27;[90m# starter.stepdefinition.LoginStep.clickButtonSignin3()&amp#27;[0m
15:11:55.034 [main] DEBUG net.thucydides.core.steps.StepInterceptor - STARTING STEP: LoginStep.onLoginPage3 - validateOnLoginPage
15:11:55.039 [main] DEBUG net.thucydides.core.steps.StepInterceptor - STEP DONE: validateOnLoginPage
  &amp#27;[32mAnd &amp#27;[0m&amp#27;[32mI am on LoginPage&amp#27;[0m                                                                     &amp#27;[90m# starter.stepdefinition.LoginStep.onLoginPage3()&amp#27;[0m
15:11:55.052 [main] DEBUG net.thucydides.core.steps.StepInterceptor - STARTING STEP: LoginStep.iInputInvalidEmailAndInvalidPassword - inputEmail
15:11:55.060 [main] DEBUG net.thucydides.core.steps.StepInterceptor - STEP DONE: inputEmail
15:11:55.065 [main] DEBUG net.thucydides.core.steps.StepInterceptor - STARTING STEP: LoginStep.iInputInvalidEmailAndInvalidPassword - inputPassword
15:11:55.071 [main] DEBUG net.thucydides.core.steps.StepInterceptor - STEP DONE: inputPassword
  &amp#27;[32mAnd &amp#27;[0m&amp#27;[32mI input invalid email &amp#27;[0m&amp#27;[32m&amp#27;[1m"riko@gmail.com"&amp#27;[0m&amp#27;[32m and invalid password &amp#27;[0m&amp#27;[32m&amp#27;[1m"passwordsalah"&amp#27;[0m           &amp#27;[90m# starter.stepdefinition.LoginStep.iInputInvalidEmailAndInvalidPassword(java.lang.String,java.lang.String)&amp#27;[0m
15:11:55.080 [main] DEBUG net.thucydides.core.steps.StepInterceptor - STARTING STEP: LoginStep.clickLoginButton3 - clickLoginButton
15:11:55.093 [main] DEBUG net.thucydides.core.steps.StepInterceptor - STEP DONE: clickLoginButton
  &amp#27;[32mAnd &amp#27;[0m&amp#27;[32mI click button login&amp#27;[0m                                                                  &amp#27;[90m# starter.stepdefinition.LoginStep.clickLoginButton3()&amp#27;[0m
15:11:55.103 [main] DEBUG net.thucydides.core.steps.StepInterceptor - STARTING STEP: LoginStep.onHomePage3 - errorMessage
15:11:55.107 [main] DEBUG net.thucydides.core.steps.StepInterceptor - STEP DONE: errorMessage
  &amp#27;[32mThen &amp#27;[0m&amp#27;[32mShow Error Message "record not found"&amp#27;[0m                                                &amp#27;[90m# starter.stepdefinition.LoginStep.onHomePage3()&amp#27;[0m
15:11:55.117 [main] INFO  - 
  _____   ___   ___   _____     ___     _     ___   ___   ___   ___  
 |_   _| | __| / __| |_   _|   | _ \   /_\   / __| / __| | __| |   \ 
   | |   | _|  \__ \   | |     |  _/  / _ \  \__ \ \__ \ | _|  | |) |
   |_|   |___| |___/   |_|     |_|   /_/ \_\ |___/ |___/ |___| |___/ 

Verify if a user can't login with an invalid email and password. (Login3)
----------------------------------------------------------------------
]]></system-out>
  </testcase>
  <testcase name="Verify if a user can&apos;t login with an valid email and invalid password. (Login2)" classname="Login" time="0.222">
    <system-out><![CDATA[
Scenario Outline: Verify if a user can't login with an valid email and invalid password. (Login2) &amp#27;[90m# src/test/resources/features/login.feature:32&amp#27;[0m
15:11:55.150 [main] INFO io.cucumber.core.plugin.SerenityReporter - Running feature from file:///C:/Users/RICO/IdeaProjects/mini-project-alta/src/test/resources/features/login.feature
15:11:55.155 [main] INFO  - 
  _____   ___   ___   _____     ___   _____     _     ___   _____   ___   ___  
 |_   _| | __| / __| |_   _|   / __| |_   _|   /_\   | _ \ |_   _| | __| |   \ 
   | |   | _|  \__ \   | |     \__ \   | |    / _ \  |   /   | |   | _|  | |) |
   |_|   |___| |___/   |_|     |___/   |_|   /_/ \_\ |_|_\   |_|   |___| |___/ 

Verify if a user can't login with an valid email and invalid password. (Login2)(login;verify-if-a-user-can-t-login-with-an-valid-email-and-invalid-password.-(login2))
--------------------------------------------------------------------------------
15:11:55.212 [main] DEBUG net.thucydides.core.steps.StepInterceptor - STARTING STEP: LoginStep.onLandingPage2 - onPageHomee
15:11:55.216 [main] DEBUG net.thucydides.core.steps.StepInterceptor - STEP DONE: onPageHomee
  &amp#27;[32mGiven &amp#27;[0m&amp#27;[32mI am on Landing Page2&amp#27;[0m                                                                     &amp#27;[90m# starter.stepdefinition.LoginStep.onLandingPage2()&amp#27;[0m
15:11:55.223 [main] DEBUG net.thucydides.core.steps.StepInterceptor - STARTING STEP: LoginStep.clickButtonSignin2 - openSigninPage
15:11:55.234 [main] DEBUG net.thucydides.core.steps.StepInterceptor - STEP DONE: openSigninPage
  &amp#27;[32mWhen &amp#27;[0m&amp#27;[32mI click button sign-In&amp#27;[0m                                                                     &amp#27;[90m# starter.stepdefinition.LoginStep.clickButtonSignin2()&amp#27;[0m
15:11:55.244 [main] DEBUG net.thucydides.core.steps.StepInterceptor - STARTING STEP: LoginStep.onLoginPage2 - validateOnLoginPage
15:11:55.254 [main] DEBUG net.thucydides.core.steps.StepInterceptor - STEP DONE: validateOnLoginPage
  &amp#27;[32mAnd &amp#27;[0m&amp#27;[32mI am on login  Page&amp#27;[0m                                                                         &amp#27;[90m# starter.stepdefinition.LoginStep.onLoginPage2()&amp#27;[0m
15:11:55.267 [main] DEBUG net.thucydides.core.steps.StepInterceptor - STARTING STEP: LoginStep.iInputValidEmailAndInvalidPassword - inputEmail
15:11:55.275 [main] DEBUG net.thucydides.core.steps.StepInterceptor - STEP DONE: inputEmail
15:11:55.279 [main] DEBUG net.thucydides.core.steps.StepInterceptor - STARTING STEP: LoginStep.iInputValidEmailAndInvalidPassword - inputPassword
15:11:55.301 [main] DEBUG net.thucydides.core.steps.StepInterceptor - STEP DONE: inputPassword
  &amp#27;[32mAnd &amp#27;[0m&amp#27;[32mI input valid email &amp#27;[0m&amp#27;[32m&amp#27;[1m"rikoshtp@gmail.com"&amp#27;[0m&amp#27;[32m and invalid password &amp#27;[0m&amp#27;[32m&amp#27;[1m"passwordsalah"&amp#27;[0m               &amp#27;[90m# starter.stepdefinition.LoginStep.iInputValidEmailAndInvalidPassword(java.lang.String,java.lang.String)&amp#27;[0m
15:11:55.311 [main] DEBUG net.thucydides.core.steps.StepInterceptor - STARTING STEP: LoginStep.clickLoginButton2 - clickLoginButton
15:11:55.320 [main] DEBUG net.thucydides.core.steps.StepInterceptor - STEP DONE: clickLoginButton
  &amp#27;[32mAnd &amp#27;[0m&amp#27;[32mI click login Button&amp#27;[0m                                                                        &amp#27;[90m# starter.stepdefinition.LoginStep.clickLoginButton2()&amp#27;[0m
15:11:55.328 [main] DEBUG net.thucydides.core.steps.StepInterceptor - STARTING STEP: LoginStep.onHomePage2 - showErrorInvalid
15:11:55.332 [main] DEBUG net.thucydides.core.steps.StepInterceptor - STEP DONE: showErrorInvalid
  &amp#27;[32mThen &amp#27;[0m&amp#27;[32mShow error Message "email or password is invalid"&amp#27;[0m                                          &amp#27;[90m# starter.stepdefinition.LoginStep.onHomePage2()&amp#27;[0m
15:11:55.341 [main] INFO  - 
  _____   ___   ___   _____     ___     _     ___   ___   ___   ___  
 |_   _| | __| / __| |_   _|   | _ \   /_\   / __| / __| | __| |   \ 
   | |   | _|  \__ \   | |     |  _/  / _ \  \__ \ \__ \ | _|  | |) |
   |_|   |___| |___/   |_|     |_|   /_/ \_\ |___/ |___/ |___| |___/ 

Verify if a user can't login with an valid email and invalid password. (Login2)
----------------------------------------------------------------------
]]></system-out>
  </testcase>
  <testcase name="Verify if a user can&apos;t login with an invalid email and valid password. (Login1)" classname="Login" time="0.191">
    <system-out><![CDATA[
Scenario Outline: Verify if a user can't login with an invalid email and valid password. (Login1) &amp#27;[90m# src/test/resources/features/login.feature:43&amp#27;[0m
15:11:55.373 [main] INFO io.cucumber.core.plugin.SerenityReporter - Running feature from file:///C:/Users/RICO/IdeaProjects/mini-project-alta/src/test/resources/features/login.feature
15:11:55.378 [main] INFO  - 
  _____   ___   ___   _____     ___   _____     _     ___   _____   ___   ___  
 |_   _| | __| / __| |_   _|   / __| |_   _|   /_\   | _ \ |_   _| | __| |   \ 
   | |   | _|  \__ \   | |     \__ \   | |    / _ \  |   /   | |   | _|  | |) |
   |_|   |___| |___/   |_|     |___/   |_|   /_/ \_\ |_|_\   |_|   |___| |___/ 

Verify if a user can't login with an invalid email and valid password. (Login1)(login;verify-if-a-user-can-t-login-with-an-invalid-email-and-valid-password.-(login1))
--------------------------------------------------------------------------------
15:11:55.429 [main] DEBUG net.thucydides.core.steps.StepInterceptor - STARTING STEP: LoginStep.iAmOnLandingPage - onPageHomeee
15:11:55.433 [main] DEBUG net.thucydides.core.steps.StepInterceptor - STEP DONE: onPageHomeee
  &amp#27;[32mGiven &amp#27;[0m&amp#27;[32mI am on Landing Page1&amp#27;[0m                                                                     &amp#27;[90m# starter.stepdefinition.LoginStep.iAmOnLandingPage()&amp#27;[0m
15:11:55.441 [main] DEBUG net.thucydides.core.steps.StepInterceptor - STARTING STEP: LoginStep.iClickButtonSignIn - openSigninPage
15:11:55.452 [main] DEBUG net.thucydides.core.steps.StepInterceptor - STEP DONE: openSigninPage
  &amp#27;[32mWhen &amp#27;[0m&amp#27;[32mI click button Sign-in&amp#27;[0m                                                                     &amp#27;[90m# starter.stepdefinition.LoginStep.iClickButtonSignIn()&amp#27;[0m
15:11:55.461 [main] DEBUG net.thucydides.core.steps.StepInterceptor - STARTING STEP: LoginStep.iAmOnLoginPage - validateOnLoginPage
15:11:55.465 [main] DEBUG net.thucydides.core.steps.StepInterceptor - STEP DONE: validateOnLoginPage
  &amp#27;[32mAnd &amp#27;[0m&amp#27;[32mI am on login Page&amp#27;[0m                                                                          &amp#27;[90m# starter.stepdefinition.LoginStep.iAmOnLoginPage()&amp#27;[0m
15:11:55.476 [main] DEBUG net.thucydides.core.steps.StepInterceptor - STARTING STEP: LoginStep.iInputInvalidEmailAndValidPassword - inputEmail
15:11:55.482 [main] DEBUG net.thucydides.core.steps.StepInterceptor - STEP DONE: inputEmail
15:11:55.486 [main] DEBUG net.thucydides.core.steps.StepInterceptor - STARTING STEP: LoginStep.iInputInvalidEmailAndValidPassword - inputPassword
15:11:55.493 [main] DEBUG net.thucydides.core.steps.StepInterceptor - STEP DONE: inputPassword
  &amp#27;[32mAnd &amp#27;[0m&amp#27;[32mI input invalid email &amp#27;[0m&amp#27;[32m&amp#27;[1m"riko@gmail.com"&amp#27;[0m&amp#27;[32m and valid password &amp#27;[0m&amp#27;[32m&amp#27;[1m"qualityengineer"&amp#27;[0m                 &amp#27;[90m# starter.stepdefinition.LoginStep.iInputInvalidEmailAndValidPassword(java.lang.String,java.lang.String)&amp#27;[0m
15:11:55.503 [main] DEBUG net.thucydides.core.steps.StepInterceptor - STARTING STEP: LoginStep.iClickButtonLogin - clickLoginButton
15:11:55.513 [main] DEBUG net.thucydides.core.steps.StepInterceptor - STEP DONE: clickLoginButton
  &amp#27;[32mAnd &amp#27;[0m&amp#27;[32mI click Button Login&amp#27;[0m                                                                        &amp#27;[90m# starter.stepdefinition.LoginStep.iClickButtonLogin()&amp#27;[0m
15:11:55.524 [main] DEBUG net.thucydides.core.steps.StepInterceptor - STARTING STEP: LoginStep.showingErrorMessage - errorMessage
15:11:55.524 [main] DEBUG net.thucydides.core.steps.StepInterceptor - STEP DONE: errorMessage
  &amp#27;[32mThen &amp#27;[0m&amp#27;[32mShowing Error Message "record not found"&amp#27;[0m                                                   &amp#27;[90m# starter.stepdefinition.LoginStep.showingErrorMessage()&amp#27;[0m
15:11:55.534 [main] INFO  - 
  _____   ___   ___   _____     ___     _     ___   ___   ___   ___  
 |_   _| | __| / __| |_   _|   | _ \   /_\   / __| / __| | __| |   \ 
   | |   | _|  \__ \   | |     |  _/  / _ \  \__ \ \__ \ | _|  | |) |
   |_|   |___| |___/   |_|     |_|   /_/ \_\ |___/ |___/ |___| |___/ 

Verify if a user can't login with an invalid email and valid password. (Login1)
----------------------------------------------------------------------
]]></system-out>
  </testcase>
  <testcase name="Add and subtract product quantity and then order without login" classname="Order" time="0.421">
    <system-out><![CDATA[15:11:55.534 [main] INFO io.cucumber.core.plugin.SerenityReporter - Running feature from file:///C:/Users/RICO/IdeaProjects/mini-project-alta/src/test/resources/features/order.feature
15:11:55.542 [main] DEBUG net.thucydides.core.steps.StepEventBus - Test suite started for story net.thucydides.core.model.Story@9cac46c8
15:11:55.552 [main] INFO  - Test Suite Started: Order

Scenario: Add and subtract product quantity and then order without login &amp#27;[90m# src/test/resources/features/order.feature:8&amp#27;[0m
15:11:55.575 [main] INFO io.cucumber.core.plugin.SerenityReporter - Running feature from file:///C:/Users/RICO/IdeaProjects/mini-project-alta/src/test/resources/features/order.feature
15:11:55.579 [main] INFO  - 
  _____   ___   ___   _____     ___   _____     _     ___   _____   ___   ___  
 |_   _| | __| / __| |_   _|   / __| |_   _|   /_\   | _ \ |_   _| | __| |   \ 
   | |   | _|  \__ \   | |     \__ \   | |    / _ \  |   /   | |   | _|  | |) |
   |_|   |___| |___/   |_|     |___/   |_|   /_/ \_\ |_|_\   |_|   |___| |___/ 

Add and subtract product quantity and then order without login(order;add-and-subtract-product-quantity-and-then-order-without-login)
--------------------------------------------------------------------------------
15:11:55.873 [main] DEBUG net.thucydides.core.steps.StepInterceptor - STARTING STEP: OrderStep.onLandingPages - onPageHomeee
15:11:55.876 [main] DEBUG net.thucydides.core.steps.StepInterceptor - STEP DONE: onPageHomeee
  &amp#27;[32mGiven &amp#27;[0m&amp#27;[32mI am on Landing_Pages&amp#27;[0m                                            &amp#27;[90m# starter.stepdefinition.OrderStep.onLandingPages()&amp#27;[0m
15:11:55.885 [main] DEBUG net.thucydides.core.steps.StepInterceptor - STARTING STEP: OrderStep.clickBuyOnAnyProduct - clickBuyTensiElektrik
15:11:55.885 [main] DEBUG net.thucydides.core.steps.StepInterceptor - STEP DONE: clickBuyTensiElektrik
  &amp#27;[32mWhen &amp#27;[0m&amp#27;[32mI click "Buy" on any product&amp#27;[0m                                      &amp#27;[90m# starter.stepdefinition.OrderStep.clickBuyOnAnyProduct()&amp#27;[0m
15:11:55.895 [main] DEBUG net.thucydides.core.steps.StepInterceptor - STARTING STEP: OrderStep.clickIconCart - clickIconCart
15:11:55.905 [main] DEBUG net.thucydides.core.steps.StepInterceptor - STEP DONE: clickIconCart
  &amp#27;[32mAnd &amp#27;[0m&amp#27;[32mI click Icon Cart&amp#27;[0m                                                  &amp#27;[90m# starter.stepdefinition.OrderStep.clickIconCart()&amp#27;[0m
  &amp#27;[32mAnd &amp#27;[0m&amp#27;[32mI click "+" 2 times&amp#27;[0m                                                &amp#27;[90m# starter.stepdefinition.OrderStep.clickPlus()&amp#27;[0m
15:11:55.921 [main] DEBUG net.thucydides.core.steps.StepInterceptor - STARTING STEP: OrderStep.clickMin - clickButtonMin
15:11:55.933 [main] DEBUG net.thucydides.core.steps.StepInterceptor - STEP DONE: clickButtonMin
  &amp#27;[32mAnd &amp#27;[0m&amp#27;[32mI click "-"&amp#27;[0m                                                        &amp#27;[90m# starter.stepdefinition.OrderStep.clickMin()&amp#27;[0m
15:11:55.944 [main] DEBUG net.thucydides.core.steps.StepInterceptor - STARTING STEP: OrderStep.clickButtonBeli - clickButtonBayar
15:11:55.956 [main] DEBUG net.thucydides.core.steps.StepInterceptor - STEP DONE: clickButtonBayar
  &amp#27;[32mAnd &amp#27;[0m&amp#27;[32mI click button Bayar&amp#27;[0m                                               &amp#27;[90m# starter.stepdefinition.OrderStep.clickButtonBeli()&amp#27;[0m
15:11:55.965 [main] DEBUG net.thucydides.core.steps.StepInterceptor - STARTING STEP: OrderStep.showSignInPage - validateOnLoginPage
15:11:55.969 [main] DEBUG net.thucydides.core.steps.StepInterceptor - STEP DONE: validateOnLoginPage
  &amp#27;[32mThen &amp#27;[0m&amp#27;[32mShow Sign In Page&amp#27;[0m                                                 &amp#27;[90m# starter.stepdefinition.OrderStep.showSignInPage()&amp#27;[0m
15:11:55.973 [main] INFO  - 
  _____   ___   ___   _____     ___     _     ___   ___   ___   ___  
 |_   _| | __| / __| |_   _|   | _ \   /_\   / __| / __| | __| |   \ 
   | |   | _|  \__ \   | |     |  _/  / _ \  \__ \ \__ \ | _|  | |) |
   |_|   |___| |___/   |_|     |_|   /_/ \_\ |___/ |___/ |___| |___/ 

Add and subtract product quantity and then order without login
----------------------------------------------------------------------
]]></system-out>
  </testcase>
  <testcase name="Add and subtract product quantity and then order with login" classname="Order" time="0.36">
    <system-out><![CDATA[
Scenario: Add and subtract product quantity and then order with login &amp#27;[90m# src/test/resources/features/order.feature:14&amp#27;[0m
15:11:56.009 [main] INFO io.cucumber.core.plugin.SerenityReporter - Running feature from file:///C:/Users/RICO/IdeaProjects/mini-project-alta/src/test/resources/features/order.feature
15:11:56.015 [main] INFO  - 
  _____   ___   ___   _____     ___   _____     _     ___   _____   ___   ___  
 |_   _| | __| / __| |_   _|   / __| |_   _|   /_\   | _ \ |_   _| | __| |   \ 
   | |   | _|  \__ \   | |     \__ \   | |    / _ \  |   /   | |   | _|  | |) |
   |_|   |___| |___/   |_|     |___/   |_|   /_/ \_\ |_|_\   |_|   |___| |___/ 

Add and subtract product quantity and then order with login(order;add-and-subtract-product-quantity-and-then-order-with-login)
--------------------------------------------------------------------------------
15:11:56.102 [main] DEBUG net.thucydides.core.steps.StepInterceptor - STARTING STEP: OrderStep.onLandingPages - onPageHomeee
15:11:56.107 [main] DEBUG net.thucydides.core.steps.StepInterceptor - STEP DONE: onPageHomeee
  &amp#27;[32mGiven &amp#27;[0m&amp#27;[32mI am on Landing_Pages&amp#27;[0m                                         &amp#27;[90m# starter.stepdefinition.OrderStep.onLandingPages()&amp#27;[0m
15:11:56.115 [main] DEBUG net.thucydides.core.steps.StepInterceptor - STARTING STEP: OrderStep.clickBuyOnAnyProduct - clickBuyTensiElektrik
15:11:56.118 [main] DEBUG net.thucydides.core.steps.StepInterceptor - STEP DONE: clickBuyTensiElektrik
  &amp#27;[32mWhen &amp#27;[0m&amp#27;[32mI click "Buy" on any product&amp#27;[0m                                   &amp#27;[90m# starter.stepdefinition.OrderStep.clickBuyOnAnyProduct()&amp#27;[0m
15:11:56.126 [main] DEBUG net.thucydides.core.steps.StepInterceptor - STARTING STEP: OrderStep.clickIconCart - clickIconCart
15:11:56.135 [main] DEBUG net.thucydides.core.steps.StepInterceptor - STEP DONE: clickIconCart
  &amp#27;[32mAnd &amp#27;[0m&amp#27;[32mI click Icon Cart&amp#27;[0m                                               &amp#27;[90m# starter.stepdefinition.OrderStep.clickIconCart()&amp#27;[0m
  &amp#27;[32mAnd &amp#27;[0m&amp#27;[32mI click button "+" 2 times&amp#27;[0m                                      &amp#27;[90m# starter.stepdefinition.OrderStep.iClickButtonTimes()&amp#27;[0m
15:11:56.149 [main] DEBUG net.thucydides.core.steps.StepInterceptor - STARTING STEP: OrderStep.clickButtonMinn - clickButtonMin
15:11:56.163 [main] DEBUG net.thucydides.core.steps.StepInterceptor - STEP DONE: clickButtonMin
  &amp#27;[32mAnd &amp#27;[0m&amp#27;[32mI click button "-"&amp#27;[0m                                              &amp#27;[90m# starter.stepdefinition.OrderStep.clickButtonMinn()&amp#27;[0m
15:11:56.174 [main] DEBUG net.thucydides.core.steps.StepInterceptor - STARTING STEP: OrderStep.iClickButton - clickButtonBayar
15:11:56.174 [main] DEBUG net.thucydides.core.steps.StepInterceptor - STEP DONE: clickButtonBayar
  &amp#27;[32mAnd &amp#27;[0m&amp#27;[32mI Click button Bayar&amp#27;[0m                                            &amp#27;[90m# starter.stepdefinition.OrderStep.iClickButton()&amp#27;[0m
15:11:56.189 [main] DEBUG net.thucydides.core.steps.StepInterceptor - STARTING STEP: OrderStep.iAmGoToLoginPage - validateOnLoginPage
15:11:56.189 [main] DEBUG net.thucydides.core.steps.StepInterceptor - STEP DONE: validateOnLoginPage
  &amp#27;[32mAnd &amp#27;[0m&amp#27;[32mI am go to login page&amp#27;[0m                                           &amp#27;[90m# starter.stepdefinition.OrderStep.iAmGoToLoginPage()&amp#27;[0m
15:11:56.205 [main] DEBUG net.thucydides.core.steps.StepInterceptor - STARTING STEP: OrderStep.iInputEmailAndInvalidPassword - inputEmail
15:11:56.223 [main] DEBUG net.thucydides.core.steps.StepInterceptor - STEP DONE: inputEmail
15:11:56.227 [main] DEBUG net.thucydides.core.steps.StepInterceptor - STARTING STEP: OrderStep.iInputEmailAndInvalidPassword - inputPassword
15:11:56.232 [main] DEBUG net.thucydides.core.steps.StepInterceptor - STEP DONE: inputPassword
  &amp#27;[32mAnd &amp#27;[0m&amp#27;[32mI input email &amp#27;[0m&amp#27;[32m&amp#27;[1m"<mail>"&amp#27;[0m&amp#27;[32m and invalid password &amp#27;[0m&amp#27;[32m&amp#27;[1m"<pwd>"&amp#27;[0m             &amp#27;[90m# starter.stepdefinition.OrderStep.iInputEmailAndInvalidPassword(java.lang.String,java.lang.String)&amp#27;[0m
15:11:56.238 [main] DEBUG net.thucydides.core.steps.StepInterceptor - STARTING STEP: OrderStep.iClickLOGINButton - clickLoginButton
15:11:56.247 [main] DEBUG net.thucydides.core.steps.StepInterceptor - STEP DONE: clickLoginButton
  &amp#27;[32mAnd &amp#27;[0m&amp#27;[32mI click LOGIN button&amp#27;[0m                                            &amp#27;[90m# starter.stepdefinition.OrderStep.iClickLOGINButton()&amp#27;[0m
  &amp#27;[32mThen &amp#27;[0m&amp#27;[32mI am on Transaction Page&amp#27;[0m                                       &amp#27;[90m# starter.stepdefinition.OrderStep.iAmOnTransactionPage()&amp#27;[0m
15:11:56.335 [main] INFO  - 
  _____   ___   ___   _____     ___     _     ___   ___   ___   ___  
 |_   _| | __| / __| |_   _|   | _ \   /_\   / __| / __| | __| |   \ 
   | |   | _|  \__ \   | |     |  _/  / _ \  \__ \ \__ \ | _|  | |) |
   |_|   |___| |___/   |_|     |_|   /_/ \_\ |___/ |___/ |___| |___/ 

Add and subtract product quantity and then order with login
----------------------------------------------------------------------
]]></system-out>
  </testcase>
  <testcase name="User want add product to Cart" classname="Product" time="0.114">
    <system-out><![CDATA[15:11:56.338 [main] INFO io.cucumber.core.plugin.SerenityReporter - Running feature from file:///C:/Users/RICO/IdeaProjects/mini-project-alta/src/test/resources/features/product.feature
15:11:56.343 [main] DEBUG net.thucydides.core.steps.StepEventBus - Test suite started for story net.thucydides.core.model.Story@3929c9e8
15:11:56.344 [main] INFO  - Test Suite Started: Product

Scenario: User want add product to Cart                     &amp#27;[90m# src/test/resources/features/product.feature:3&amp#27;[0m
15:11:56.365 [main] INFO io.cucumber.core.plugin.SerenityReporter - Running feature from file:///C:/Users/RICO/IdeaProjects/mini-project-alta/src/test/resources/features/product.feature
15:11:56.370 [main] INFO  - 
  _____   ___   ___   _____     ___   _____     _     ___   _____   ___   ___  
 |_   _| | __| / __| |_   _|   / __| |_   _|   /_\   | _ \ |_   _| | __| |   \ 
   | |   | _|  \__ \   | |     \__ \   | |    / _ \  |   /   | |   | _|  | |) |
   |_|   |___| |___/   |_|     |___/   |_|   /_/ \_\ |_|_\   |_|   |___| |___/ 

User want add product to Cart(product;user-want-add-product-to-cart)
--------------------------------------------------------------------------------
15:11:56.403 [main] DEBUG net.thucydides.core.steps.StepInterceptor - STARTING STEP: ProductStep.onLandingPagee - onPageHomee
15:11:56.403 [main] DEBUG net.thucydides.core.steps.StepInterceptor - STEP DONE: onPageHomee
  &amp#27;[32mGiven &amp#27;[0m&amp#27;[32mI am on Landing_Page&amp#27;[0m                                &amp#27;[90m# starter.stepdefinition.ProductStep.onLandingPagee()&amp#27;[0m
15:11:56.403 [main] DEBUG net.thucydides.core.steps.StepInterceptor - STARTING STEP: ProductStep.searchAndFoundTensiElektrik - validateTensiElektrik
15:11:56.423 [main] DEBUG net.thucydides.core.steps.StepInterceptor - STEP DONE: validateTensiElektrik
  &amp#27;[32mWhen &amp#27;[0m&amp#27;[32mI search and found "Tensi Darah Elektrik"&amp#27;[0m            &amp#27;[90m# starter.stepdefinition.ProductStep.searchAndFoundTensiElektrik()&amp#27;[0m
15:11:56.432 [main] DEBUG net.thucydides.core.steps.StepInterceptor - STARTING STEP: ProductStep.clickBeli - clickBuyTensiElektrik
15:11:56.437 [main] DEBUG net.thucydides.core.steps.StepInterceptor - STEP DONE: clickBuyTensiElektrik
  &amp#27;[32mAnd &amp#27;[0m&amp#27;[32mI click "Beli"&amp#27;[0m                                        &amp#27;[90m# starter.stepdefinition.ProductStep.clickBeli()&amp#27;[0m
15:11:56.448 [main] DEBUG net.thucydides.core.steps.StepInterceptor - STARTING STEP: ProductStep.productTensiElektrikWasAddedToCart - validateIncreaseItemCart
15:11:56.453 [main] DEBUG net.thucydides.core.steps.StepInterceptor - STEP DONE: validateIncreaseItemCart
  &amp#27;[32mThen &amp#27;[0m&amp#27;[32mThe product "Tensi Darah Elektrik" was added to cart&amp#27;[0m &amp#27;[90m# starter.stepdefinition.ProductStep.productTensiElektrikWasAddedToCart()&amp#27;[0m
15:11:56.458 [main] INFO  - 
  _____   ___   ___   _____     ___     _     ___   ___   ___   ___  
 |_   _| | __| / __| |_   _|   | _ \   /_\   / __| / __| | __| |   \ 
   | |   | _|  \__ \   | |     |  _/  / _ \  \__ \ \__ \ | _|  | |) |
   |_|   |___| |___/   |_|     |_|   /_/ \_\ |___/ |___/ |___| |___/ 

User want add product to Cart
----------------------------------------------------------------------
]]></system-out>
  </testcase>
  <testcase name="User want to view detail product" classname="Product" time="0.114">
    <system-out><![CDATA[
Scenario: User want to view detail product &amp#27;[90m# src/test/resources/features/product.feature:9&amp#27;[0m
15:11:56.486 [main] INFO io.cucumber.core.plugin.SerenityReporter - Running feature from file:///C:/Users/RICO/IdeaProjects/mini-project-alta/src/test/resources/features/product.feature
15:11:56.490 [main] INFO  - 
  _____   ___   ___   _____     ___   _____     _     ___   _____   ___   ___  
 |_   _| | __| / __| |_   _|   / __| |_   _|   /_\   | _ \ |_   _| | __| |   \ 
   | |   | _|  \__ \   | |     \__ \   | |    / _ \  |   /   | |   | _|  | |) |
   |_|   |___| |___/   |_|     |___/   |_|   /_/ \_\ |_|_\   |_|   |___| |___/ 

User want to view detail product(product;user-want-to-view-detail-product)
--------------------------------------------------------------------------------
15:11:56.514 [main] DEBUG net.thucydides.core.steps.StepInterceptor - STARTING STEP: ProductStep.onLandingPageee - onPageHomeee
15:11:56.520 [main] DEBUG net.thucydides.core.steps.StepInterceptor - STEP DONE: onPageHomeee
  &amp#27;[32mGiven &amp#27;[0m&amp#27;[32mI am on Landing_Pagee&amp#27;[0m              &amp#27;[90m# starter.stepdefinition.ProductStep.onLandingPageee()&amp#27;[0m
15:11:56.523 [main] DEBUG net.thucydides.core.steps.StepInterceptor - STARTING STEP: ProductStep.searchAndFoundProductKamera - findProductKamera
15:11:56.523 [main] DEBUG net.thucydides.core.steps.StepInterceptor - STEP DONE: findProductKamera
  &amp#27;[32mWhen &amp#27;[0m&amp#27;[32mI search and found product "Kamera"&amp#27;[0m &amp#27;[90m# starter.stepdefinition.ProductStep.searchAndFoundProductKamera()&amp#27;[0m
15:11:56.545 [main] DEBUG net.thucydides.core.steps.StepInterceptor - STARTING STEP: ProductStep.clickButtonDetail - clickButtonDetail
15:11:56.556 [main] DEBUG net.thucydides.core.steps.StepInterceptor - STEP DONE: clickButtonDetail
  &amp#27;[32mAnd &amp#27;[0m&amp#27;[32mI click button "DETAIL"&amp#27;[0m              &amp#27;[90m# starter.stepdefinition.ProductStep.clickButtonDetail()&amp#27;[0m
15:11:56.565 [main] DEBUG net.thucydides.core.steps.StepInterceptor - STARTING STEP: ProductStep.displayProductDetailPage - validateOnDetailPageKamera
15:11:56.570 [main] DEBUG net.thucydides.core.steps.StepInterceptor - STEP DONE: validateOnDetailPageKamera
  &amp#27;[32mThen &amp#27;[0m&amp#27;[32mDisplay product detail page&amp#27;[0m         &amp#27;[90m# starter.stepdefinition.ProductStep.displayProductDetailPage()&amp#27;[0m
15:11:56.575 [main] INFO  - 
  _____   ___   ___   _____     ___     _     ___   ___   ___   ___  
 |_   _| | __| / __| |_   _|   | _ \   /_\   / __| / __| | __| |   \ 
   | |   | _|  \__ \   | |     |  _/  / _ \  \__ \ \__ \ | _|  | |) |
   |_|   |___| |___/   |_|     |_|   /_/ \_\ |___/ |___/ |___| |___/ 

User want to view detail product
----------------------------------------------------------------------
]]></system-out>
  </testcase>
  <testcase name="Users want to register an account on this website (Register2)" classname="Register" time="0.261">
    <system-out><![CDATA[15:11:56.577 [main] INFO io.cucumber.core.plugin.SerenityReporter - Running feature from file:///C:/Users/RICO/IdeaProjects/mini-project-alta/src/test/resources/features/register.feature
15:11:56.585 [main] DEBUG net.thucydides.core.steps.StepEventBus - Test suite started for story net.thucydides.core.model.Story@63230c68
15:11:56.587 [main] INFO  - Test Suite Started: Register

Scenario Outline: Users want to register an account on this website (Register2) &amp#27;[90m# src/test/resources/features/register.feature:12&amp#27;[0m
15:11:56.607 [main] INFO io.cucumber.core.plugin.SerenityReporter - Running feature from file:///C:/Users/RICO/IdeaProjects/mini-project-alta/src/test/resources/features/register.feature
15:11:56.611 [main] INFO  - 
  _____   ___   ___   _____     ___   _____     _     ___   _____   ___   ___  
 |_   _| | __| / __| |_   _|   / __| |_   _|   /_\   | _ \ |_   _| | __| |   \ 
   | |   | _|  \__ \   | |     \__ \   | |    / _ \  |   /   | |   | _|  | |) |
   |_|   |___| |___/   |_|     |___/   |_|   /_/ \_\ |_|_\   |_|   |___| |___/ 

Users want to register an account on this website (Register2)(register;users-want-to-register-an-account-on-this-website-(register2))
--------------------------------------------------------------------------------
15:11:56.765 [main] DEBUG net.thucydides.core.steps.StepInterceptor - STARTING STEP: RegisterStep.clickRegister - clickRegister
15:11:56.771 [main] DEBUG net.thucydides.core.steps.StepInterceptor - STEP DONE: clickRegister
15:11:56.774 [main] DEBUG net.thucydides.core.steps.StepInterceptor - STARTING STEP: RegisterStep.clickRegister - validateOnRegisPage
15:11:56.777 [main] DEBUG net.thucydides.core.steps.StepInterceptor - STEP DONE: validateOnRegisPage
  &amp#27;[32mGiven &amp#27;[0m&amp#27;[32mI am on register page&amp#27;[0m                                                   &amp#27;[90m# starter.stepdefinition.RegisterStep.clickRegister()&amp#27;[0m
15:11:56.788 [main] DEBUG net.thucydides.core.steps.StepInterceptor - STARTING STEP: RegisterStep.iInputNamaOnFieldNamaLengkap - inputNama
15:11:56.798 [main] DEBUG net.thucydides.core.steps.StepInterceptor - STEP DONE: inputNama
  &amp#27;[32mWhen &amp#27;[0m&amp#27;[32mI input nama &amp#27;[0m&amp#27;[32m&amp#27;[1m"Ben Toyib"&amp#27;[0m&amp#27;[32m on field Nama Lengkap&amp#27;[0m                           &amp#27;[90m# starter.stepdefinition.RegisterStep.iInputNamaOnFieldNamaLengkap(java.lang.String)&amp#27;[0m
15:11:56.810 [main] DEBUG net.thucydides.core.steps.StepInterceptor - STARTING STEP: RegisterStep.iInputEmailOnFieldEmail - inputEmail
15:11:56.815 [main] DEBUG net.thucydides.core.steps.StepInterceptor - STEP DONE: inputEmail
  &amp#27;[32mAnd &amp#27;[0m&amp#27;[32mI input email &amp#27;[0m&amp#27;[32m&amp#27;[1m"bentoyib@gmail.com"&amp#27;[0m&amp#27;[32m on field Email&amp#27;[0m                         &amp#27;[90m# starter.stepdefinition.RegisterStep.iInputEmailOnFieldEmail(java.lang.String)&amp#27;[0m
15:11:56.823 [main] DEBUG net.thucydides.core.steps.StepInterceptor - STARTING STEP: RegisterStep.iInputPasswordOnFieldPassword - inputPassword
15:11:56.828 [main] DEBUG net.thucydides.core.steps.StepInterceptor - STEP DONE: inputPassword
  &amp#27;[32mAnd &amp#27;[0m&amp#27;[32mI input password &amp#27;[0m&amp#27;[32m&amp#27;[1m"qualityengineer"&amp#27;[0m&amp#27;[32m on field Password&amp#27;[0m                      &amp#27;[90m# starter.stepdefinition.RegisterStep.iInputPasswordOnFieldPassword(java.lang.String)&amp#27;[0m
15:11:56.834 [main] DEBUG net.thucydides.core.steps.StepInterceptor - STARTING STEP: RegisterStep.clickRegisterButton - clickButtonRegis
15:11:56.834 [main] DEBUG net.thucydides.core.steps.StepInterceptor - STEP DONE: clickButtonRegis
  &amp#27;[32mAnd &amp#27;[0m&amp#27;[32mI click register button&amp#27;[0m                                                   &amp#27;[90m# starter.stepdefinition.RegisterStep.clickRegisterButton()&amp#27;[0m
15:11:56.849 [main] DEBUG net.thucydides.core.steps.StepInterceptor - STARTING STEP: RegisterStep.onSigninPage - validateOnLoginPage
15:11:56.849 [main] DEBUG net.thucydides.core.steps.StepInterceptor - STEP DONE: validateOnLoginPage
  &amp#27;[32mThen &amp#27;[0m&amp#27;[32mI am on signin page&amp#27;[0m                                                      &amp#27;[90m# starter.stepdefinition.RegisterStep.onSigninPage()&amp#27;[0m
15:11:56.849 [main] INFO  - 
  _____   ___   ___   _____     ___     _     ___   ___   ___   ___  
 |_   _| | __| / __| |_   _|   | _ \   /_\   / __| / __| | __| |   \ 
   | |   | _|  \__ \   | |     |  _/  / _ \  \__ \ \__ \ | _|  | |) |
   |_|   |___| |___/   |_|     |_|   /_/ \_\ |___/ |___/ |___| |___/ 

Users want to register an account on this website (Register2)
----------------------------------------------------------------------
]]></system-out>
  </testcase>
  <testcase name="The user wants to register an account on this website, but the email already exists" classname="Register" time="0.224">
    <system-out><![CDATA[
Scenario Outline: The user wants to register an account on this website, but the email already exists &amp#27;[90m# src/test/resources/features/register.feature:26&amp#27;[0m
15:11:56.885 [main] INFO io.cucumber.core.plugin.SerenityReporter - Running feature from file:///C:/Users/RICO/IdeaProjects/mini-project-alta/src/test/resources/features/register.feature
15:11:56.890 [main] INFO  - 
  _____   ___   ___   _____     ___   _____     _     ___   _____   ___   ___  
 |_   _| | __| / __| |_   _|   / __| |_   _|   /_\   | _ \ |_   _| | __| |   \ 
   | |   | _|  \__ \   | |     \__ \   | |    / _ \  |   /   | |   | _|  | |) |
   |_|   |___| |___/   |_|     |___/   |_|   /_/ \_\ |_|_\   |_|   |___| |___/ 

The user wants to register an account on this website, but the email already exists(register;the-user-wants-to-register-an-account-on-this-website--but-the-email-already-exists)
--------------------------------------------------------------------------------
15:11:56.957 [main] DEBUG net.thucydides.core.steps.StepInterceptor - STARTING STEP: RegisterStep.iAmOnLandingPage - onPageHomee
15:11:56.960 [main] DEBUG net.thucydides.core.steps.StepInterceptor - STEP DONE: onPageHomee
  &amp#27;[32mGiven &amp#27;[0m&amp#27;[32mI am on landing page&amp#27;[0m                                                                          &amp#27;[90m# starter.stepdefinition.RegisterStep.iAmOnLandingPage()&amp#27;[0m
15:11:56.968 [main] DEBUG net.thucydides.core.steps.StepInterceptor - STARTING STEP: RegisterStep.iClickButtonSignin - openSigninPage
15:11:56.975 [main] DEBUG net.thucydides.core.steps.StepInterceptor - STEP DONE: openSigninPage
  &amp#27;[32mWhen &amp#27;[0m&amp#27;[32mI click button signin&amp#27;[0m                                                                          &amp#27;[90m# starter.stepdefinition.RegisterStep.iClickButtonSignin()&amp#27;[0m
15:11:56.982 [main] DEBUG net.thucydides.core.steps.StepInterceptor - STARTING STEP: RegisterStep.iAmOnPageLogin - validateOnLoginPage
15:11:56.985 [main] DEBUG net.thucydides.core.steps.StepInterceptor - STEP DONE: validateOnLoginPage
  &amp#27;[32mAnd &amp#27;[0m&amp#27;[32mI am on page login&amp#27;[0m                                                                              &amp#27;[90m# starter.stepdefinition.RegisterStep.iAmOnPageLogin()&amp#27;[0m
15:11:56.992 [main] DEBUG net.thucydides.core.steps.StepInterceptor - STARTING STEP: RegisterStep.iClickRegister - clickRegister
15:11:56.999 [main] DEBUG net.thucydides.core.steps.StepInterceptor - STEP DONE: clickRegister
  &amp#27;[32mAnd &amp#27;[0m&amp#27;[32mI click register&amp#27;[0m                                                                                &amp#27;[90m# starter.stepdefinition.RegisterStep.iClickRegister()&amp#27;[0m
15:11:57.006 [main] DEBUG net.thucydides.core.steps.StepInterceptor - STARTING STEP: RegisterStep.iInputNamaOnFieldNamalengkap - inputNama
15:11:57.014 [main] DEBUG net.thucydides.core.steps.StepInterceptor - STEP DONE: inputNama
  &amp#27;[32mAnd &amp#27;[0m&amp#27;[32mI input nama &amp#27;[0m&amp#27;[32m&amp#27;[1m"Bang Toyib"&amp#27;[0m&amp#27;[32m on field nama Lengkap&amp#27;[0m                                                 &amp#27;[90m# starter.stepdefinition.RegisterStep.iInputNamaOnFieldNamalengkap(java.lang.String)&amp#27;[0m
15:11:57.023 [main] DEBUG net.thucydides.core.steps.StepInterceptor - STARTING STEP: RegisterStep.iInputEmailOnFieldMail - inputEmail
15:11:57.029 [main] DEBUG net.thucydides.core.steps.StepInterceptor - STEP DONE: inputEmail
  &amp#27;[32mAnd &amp#27;[0m&amp#27;[32mI input email &amp#27;[0m&amp#27;[32m&amp#27;[1m"rikoshtp@gmail.com"&amp#27;[0m&amp#27;[32m on field email&amp#27;[0m                                               &amp#27;[90m# starter.stepdefinition.RegisterStep.iInputEmailOnFieldMail(java.lang.String)&amp#27;[0m
15:11:57.036 [main] DEBUG net.thucydides.core.steps.StepInterceptor - STARTING STEP: RegisterStep.iInputPasswordOnFieldPwd - inputPassword
15:11:57.040 [main] DEBUG net.thucydides.core.steps.StepInterceptor - STEP DONE: inputPassword
  &amp#27;[32mAnd &amp#27;[0m&amp#27;[32mI input password &amp#27;[0m&amp#27;[32m&amp#27;[1m"qualityengineer"&amp#27;[0m&amp#27;[32m on field password&amp#27;[0m                                            &amp#27;[90m# starter.stepdefinition.RegisterStep.iInputPasswordOnFieldPwd(java.lang.String)&amp#27;[0m
15:11:57.048 [main] DEBUG net.thucydides.core.steps.StepInterceptor - STARTING STEP: RegisterStep.iClickButtonRegister - clickButtonRegis
15:11:57.056 [main] DEBUG net.thucydides.core.steps.StepInterceptor - STEP DONE: clickButtonRegis
  &amp#27;[32mAnd &amp#27;[0m&amp#27;[32mI click button register&amp#27;[0m                                                                         &amp#27;[90m# starter.stepdefinition.RegisterStep.iClickButtonRegister()&amp#27;[0m
15:11:57.063 [main] DEBUG net.thucydides.core.steps.StepInterceptor - STARTING STEP: RegisterStep.iAmOnSigInPage - showErrorRegister
15:11:57.066 [main] DEBUG net.thucydides.core.steps.StepInterceptor - STEP DONE: showErrorRegister
  &amp#27;[32mThen &amp#27;[0m&amp#27;[32mShow alert error&amp#27;[0m                                                                               &amp#27;[90m# starter.stepdefinition.RegisterStep.iAmOnSigInPage()&amp#27;[0m
15:11:57.071 [main] INFO  - 
  _____   ___   ___   _____     ___     _     ___   ___   ___   ___  
 |_   _| | __| / __| |_   _|   | _ \   /_\   / __| / __| | __| |   \ 
   | |   | _|  \__ \   | |     |  _/  / _ \  \__ \ \__ \ | _|  | |) |
   |_|   |___| |___/   |_|     |_|   /_/ \_\ |___/ |___/ |___| |___/ 

The user wants to register an account on this website, but the email already exists
----------------------------------------------------------------------
]]></system-out>
  </testcase>
</testsuite>