<?xml version="1.0" encoding="UTF-8" standalone="no"?><testsuite errors="0" failures="0" name="Login" skipped="0" tests="4" time="0.83" timestamp="2022-05-11 03:11:54"><testcase name="Verify if a user can login with a valid email and password. (Login4)"/><testcase name="Verify if a user can't login with an invalid email and password. (Login3)"/><testcase name="Verify if a user can't login with an valid email and invalid password. (Login2)"/><testcase name="Verify if a user can't login with an invalid email and valid password. (Login1)"/></testsuite>